compadd:57: closing brace expected
compadd:52: parse error in command substitution
compadd:57: closing brace expected
compadd:52: parse error in command substitution
compadd:57: closing brace expected
compadd:52: parse error in command substitution
compadd:57: closing brace expected
compadd:52: parse error in command substitution
compadd:57: closing brace expected
compadd:52: parse error in command substitution
compadd:57: closing brace expected
compadd:52: parse error in command substitution
compadd:57: closing brace expected
compadd:52: parse error in command substitution
compadd:57: closing brace expected
compadd:52: parse error in command substitution
compadd:57: closing brace expected
compadd:52: parse error in command substitution
autocomplete:compadd:old:57: closing brace expected
autocomplete:compadd:old:52: parse error in command substitution
autocomplete:compadd:old:57: closing brace expected
autocomplete:compadd:old:52: parse error in command substitution
compadd:57: closing brace expected
compadd:52: parse error in command substitution
compadd:57: closing brace expected
compadd:52: parse error in command substitution
compadd:57: closing brace expected
compadd:52: parse error in command substitution
compadd:57: closing brace expected
compadd:52: parse error in command substitution
compadd:57: closing brace expected
compadd:52: parse error in command substitution
autocomplete:compadd:old:57: closing brace expected
autocomplete:compadd:old:52: parse error in command substitution
autocomplete:compadd:old:57: closing brace expected
autocomplete:compadd:old:52: parse error in command substitution
compadd:57: closing brace expected
compadd:52: parse error in command substitution
compadd:57: closing brace expected
compadd:52: parse error in command substitution
compadd:57: closing brace expected
compadd:52: parse error in command substitution
compadd:57: closing brace expected
compadd:52: parse error in command substitution
compadd:57: closing brace expected
compadd:52: parse error in command substitution
compadd:57: closing brace expected
compadd:52: parse error in command substitution
compadd:57: closing brace expected
compadd:52: parse error in command substitution
compadd:57: closing brace expected
compadd:52: parse error in command substitution
compadd:57: closing brace expected
compadd:52: parse error in command substitution
compadd:57: closing brace expected
compadd:52: parse error in command substitution
compadd:57: closing brace expected
compadd:52: parse error in command substitution
compadd:57: closing brace expected
compadd:52: parse error in command substitution
compadd:57: closing brace expected
compadd:52: parse error in command substitution
compadd:57: closing brace expected
compadd:52: parse error in command substitution
compadd:57: closing brace expected
compadd:52: parse error in command substitution
compadd:57: closing brace expected
compadd:52: parse error in command substitution
compadd:57: closing brace expected
compadd:52: parse error in command substitution
compadd:57: closing brace expected
compadd:52: parse error in command substitution
compadd:57: closing brace expected
compadd:52: parse error in command substitution
compadd:57: closing brace expected
compadd:52: parse error in command substitution
autocomplete:compadd:old:57: closing brace expected
autocomplete:compadd:old:52: parse error in command substitution
autocomplete:compadd:old:57: closing brace expected
autocomplete:compadd:old:52: parse error in command substitution
compadd:57: closing brace expected
compadd:52: parse error in command substitution
compadd:57: closing brace expected
compadd:52: parse error in command substitution
compadd:57: closing brace expected
compadd:52: parse error in command substitution
compadd:57: closing brace expected
compadd:52: parse error in command substitution
compadd:57: closing brace expected
compadd:52: parse error in command substitution
compadd:57: closing brace expected
compadd:52: parse error in command substitution
compadd:57: closing brace expected
compadd:52: parse error in command substitution
compadd:57: closing brace expected
compadd:52: parse error in command substitution
compadd:57: closing brace expected
compadd:52: parse error in command substitution
compadd:57: closing brace expected
compadd:52: parse error in command substitution
compadd:57: closing brace expected
compadd:52: parse error in command substitution
compadd:57: closing brace expected
compadd:52: parse error in command substitution
compadd:57: closing brace expected
compadd:52: parse error in command substitution
compadd:57: closing brace expected
compadd:52: parse error in command substitution
compadd:57: closing brace expected
compadd:52: parse error in command substitution
compadd:57: closing brace expected
compadd:52: parse error in command substitution
compadd:57: closing brace expected
compadd:52: parse error in command substitution
compadd:57: closing brace expected
compadd:52: parse error in command substitution
compadd:57: closing brace expected
compadd:52: parse error in command substitution
compadd:57: closing brace expected
compadd:52: parse error in command substitution
compadd:57: closing brace expected
compadd:52: parse error in command substitution
compadd:57: closing brace expected
compadd:52: parse error in command substitution
compadd:57: closing brace expected
compadd:52: parse error in command substitution
compadd:57: closing brace expected
compadd:52: parse error in command substitution
compadd:57: closing brace expected
compadd:52: parse error in command substitution
compadd:57: closing brace expected
compadd:52: parse error in command substitution
compadd:57: closing brace expected
compadd:52: parse error in command substitution
compadd:57: closing brace expected
compadd:52: parse error in command substitution
compadd:57: closing brace expected
compadd:52: parse error in command substitution
compadd:57: closing brace expected
compadd:52: parse error in command substitution
compadd:57: closing brace expected
compadd:52: parse error in command substitution
compadd:57: closing brace expected
compadd:52: parse error in command substitution
compadd:57: closing brace expected
compadd:52: parse error in command substitution
compadd:57: closing brace expected
compadd:52: parse error in command substitution
compadd:57: closing brace expected
compadd:52: parse error in command substitution
compadd:57: closing brace expected
compadd:52: parse error in command substitution
compadd:57: closing brace expected
compadd:52: parse error in command substitution
compadd:57: closing brace expected
compadd:52: parse error in command substitution
compadd:57: closing brace expected
compadd:52: parse error in command substitution
compadd:57: closing brace expected
compadd:52: parse error in command substitution
compadd:57: closing brace expected
compadd:52: parse error in command substitution
compadd:57: closing brace expected
compadd:52: parse error in command substitution
compadd:57: closing brace expected
compadd:52: parse error in command substitution
compadd:57: closing brace expected
compadd:52: parse error in command substitution
compadd:57: closing brace expected
compadd:52: parse error in command substitution
compadd:57: closing brace expected
compadd:52: parse error in command substitution
compadd:57: closing brace expected
compadd:52: parse error in command substitution
compadd:57: closing brace expected
compadd:52: parse error in command substitution
compadd:57: closing brace expected
compadd:52: parse error in command substitution
compadd:57: closing brace expected
compadd:52: parse error in command substitution
compadd:57: closing brace expected
compadd:52: parse error in command substitution
compadd:57: closing brace expected
compadd:52: parse error in command substitution
compadd:57: closing brace expected
compadd:52: parse error in command substitution
compadd:57: closing brace expected
compadd:52: parse error in command substitution
compadd:57: closing brace expected
compadd:52: parse error in command substitution
autocomplete:compadd:old:57: closing brace expected
autocomplete:compadd:old:52: parse error in command substitution
autocomplete:compadd:old:57: closing brace expected
autocomplete:compadd:old:52: parse error in command substitution
compadd:57: closing brace expected
compadd:52: parse error in command substitution
compadd:57: closing brace expected
compadd:52: parse error in command substitution
compadd:57: closing brace expected
compadd:52: parse error in command substitution
compadd:57: closing brace expected
compadd:52: parse error in command substitution
compadd:57: closing brace expected
compadd:52: parse error in command substitution
compadd:57: closing brace expected
compadd:52: parse error in command substitution
compadd:57: closing brace expected
compadd:52: parse error in command substitution
compadd:57: closing brace expected
compadd:52: parse error in command substitution
compadd:57: closing brace expected
compadd:52: parse error in command substitution
compadd:57: closing brace expected
compadd:52: parse error in command substitution
compadd:57: closing brace expected
compadd:52: parse error in command substitution
compadd:57: closing brace expected
compadd:52: parse error in command substitution
compadd:57: closing brace expected
compadd:52: parse error in command substitution
compadd:57: closing brace expected
compadd:52: parse error in command substitution
compadd:57: closing brace expected
compadd:52: parse error in command substitution
compadd:57: closing brace expected
compadd:52: parse error in command substitution
compadd:57: closing brace expected
compadd:52: parse error in command substitution
autocomplete:compadd:old:57: closing brace expected
autocomplete:compadd:old:52: parse error in command substitution
autocomplete:compadd:old:57: closing brace expected
autocomplete:compadd:old:52: parse error in command substitution
compadd:57: closing brace expected
compadd:52: parse error in command substitution
.autocomplete:async:complete:fd-widget:35: completion cannot be used recursively (yet)
zshexit: write error: I/O error
TRAPINT:zle:1: can only be called from widget function
